This is pdfTeX, Version 3.14159265-2.6-1.40.17 (TeX Live 2016/W32TeX) (preloaded format=pdflatex 2016.9.19)  20 FEB 2017 01:54
entering extended mode
 restricted \write18 enabled.
 %&-line parsing enabled.
**./report.tex
(./report.tex
LaTeX2e <2016/03/31> patch level 3
Babel <3.9r> and hyphenation patterns for 83 language(s) loaded.
\@input{settings.aux}
\openout2 = `settings.aux'.

(./settings.tex (c:/texlive/2016/texmf-dist/tex/latex/extsizes/extarticle.cls
Document Class: extarticle 1996/10/08 v1.0 Non Standard LaTeX document class
(c:/texlive/2016/texmf-dist/tex/latex/base/size12.clo
File: size12.clo 2014/09/29 v1.4h Standard LaTeX file (size option)
)
(c:/texlive/2016/texmf-dist/tex/latex/base/exscale.sty
Package: exscale 2014/09/29 v2.1h Standard LaTeX package exscale
LaTeX Font Info:    Redeclaring symbol font `largesymbols' on input line 57.
LaTeX Font Info:    Overwriting symbol font `largesymbols' in version `normal'
(Font)                  OMX/cmex/m/n --> OMX/cmex/m/n on input line 57.
LaTeX Font Info:    Overwriting symbol font `largesymbols' in version `bold'
(Font)                  OMX/cmex/m/n --> OMX/cmex/m/n on input line 57.
\big@size=\dimen102
)
\c@part=\count79
\c@section=\count80
\c@subsection=\count81
\c@subsubsection=\count82
\c@paragraph=\count83
\c@subparagraph=\count84
\c@figure=\count85
\c@table=\count86
\abovecaptionskip=\skip41
\belowcaptionskip=\skip42
\bibindent=\dimen103
)
(c:/texlive/2016/texmf-dist/tex/latex/base/inputenc.sty
Package: inputenc 2015/03/17 v1.2c Input encoding file
\inpenc@prehook=\toks14
\inpenc@posthook=\toks15

(c:/texlive/2016/texmf-dist/tex/latex/ucs/utf8x.def
File: utf8x.def 2004/10/17 UCS: Input encoding UTF-8
))
(c:/texlive/2016/texmf-dist/tex/latex/ucs/ucs.sty
Package: ucs 2013/05/11 v2.2 UCS: Unicode input support

(c:/texlive/2016/texmf-dist/tex/latex/ucs/data/uni-global.def
File: uni-global.def 2013/05/13 UCS: Unicode global data
)
\uc@secondtry=\count87
\uc@combtoks=\toks16
\uc@combtoksb=\toks17
\uc@temptokena=\toks18
)
(c:/texlive/2016/texmf-dist/tex/latex/base/fontenc.sty
Package: fontenc 2016/06/19 v1.99m Standard LaTeX package

(c:/texlive/2016/texmf-dist/tex/latex/base/t1enc.def
File: t1enc.def 2016/06/19 v1.99m Standard LaTeX file
LaTeX Font Info:    Redeclaring font encoding T1 on input line 48.
)
(c:/texlive/2016/texmf-dist/tex/latex/cyrillic/t2aenc.def
File: t2aenc.def 2005/09/27 v1.0i Cyrillic encoding definition file
)
LaTeX Font Info:    Try loading font information for T2A+cmr on input line 105.


(c:/texlive/2016/texmf-dist/tex/latex/cyrillic/t2acmr.fd
File: t2acmr.fd 2001/08/11 v1.0a Computer Modern Cyrillic font definitions
))
(c:/texlive/2016/texmf-dist/tex/generic/babel/babel.sty
Package: babel 2016/04/23 3.9r The Babel package

(c:/texlive/2016/texmf-dist/tex/generic/babel-russian/russianb.ldf
Language: russianb 2016/02/18 1.3h Russian support for the Babel system

(c:/texlive/2016/texmf-dist/tex/generic/babel/babel.def
File: babel.def 2016/04/23 3.9r Babel common definitions
\babel@savecnt=\count88
\U@D=\dimen104
)
Package babel Info: Making " an active character on input line 111.
))
(c:/texlive/2016/texmf-dist/tex/latex/hyperref/hyperref.sty
Package: hyperref 2016/06/24 v6.83q Hypertext links for LaTeX

(c:/texlive/2016/texmf-dist/tex/generic/oberdiek/hobsub-hyperref.sty
Package: hobsub-hyperref 2016/05/16 v1.14 Bundle oberdiek, subset hyperref (HO)


(c:/texlive/2016/texmf-dist/tex/generic/oberdiek/hobsub-generic.sty
Package: hobsub-generic 2016/05/16 v1.14 Bundle oberdiek, subset generic (HO)
Package: hobsub 2016/05/16 v1.14 Construct package bundles (HO)
Package: infwarerr 2016/05/16 v1.4 Providing info/warning/error messages (HO)
Package: ltxcmds 2016/05/16 v1.23 LaTeX kernel commands for general use (HO)
Package: ifluatex 2016/05/16 v1.4 Provides the ifluatex switch (HO)
Package ifluatex Info: LuaTeX not detected.
Package: ifvtex 2016/05/16 v1.6 Detect VTeX and its facilities (HO)
Package ifvtex Info: VTeX not detected.
Package: intcalc 2016/05/16 v1.2 Expandable calculations with integers (HO)
Package: ifpdf 2016/05/14 v3.1 Provides the ifpdf switch
Package: etexcmds 2016/05/16 v1.6 Avoid name clashes with e-TeX commands (HO)
Package etexcmds Info: Could not find \expanded.
(etexcmds)             That can mean that you are not using pdfTeX 1.50 or
(etexcmds)             that some package has redefined \expanded.
(etexcmds)             In the latter case, load this package earlier.
Package: kvsetkeys 2016/05/16 v1.17 Key value parser (HO)
Package: kvdefinekeys 2016/05/16 v1.4 Define keys (HO)
Package: pdftexcmds 2016/05/21 v0.22 Utility functions of pdfTeX for LuaTeX (HO
)
Package pdftexcmds Info: LuaTeX not detected.
Package pdftexcmds Info: \pdf@primitive is available.
Package pdftexcmds Info: \pdf@ifprimitive is available.
Package pdftexcmds Info: \pdfdraftmode found.
Package: pdfescape 2016/05/16 v1.14 Implements pdfTeX's escape features (HO)
Package: bigintcalc 2016/05/16 v1.4 Expandable calculations on big integers (HO
)
Package: bitset 2016/05/16 v1.2 Handle bit-vector datatype (HO)
Package: uniquecounter 2016/05/16 v1.3 Provide unlimited unique counter (HO)
)
Package hobsub Info: Skipping package `hobsub' (already loaded).
Package: letltxmacro 2016/05/16 v1.5 Let assignment for LaTeX macros (HO)
Package: hopatch 2016/05/16 v1.3 Wrapper for package hooks (HO)
Package: xcolor-patch 2016/05/16 xcolor patch
Package: atveryend 2016/05/16 v1.9 Hooks at the very end of document (HO)
Package atveryend Info: \enddocument detected (standard20110627).
Package: atbegshi 2016/06/09 v1.18 At begin shipout hook (HO)
Package: refcount 2016/05/16 v3.5 Data extraction from label references (HO)
Package: hycolor 2016/05/16 v1.8 Color options for hyperref/bookmark (HO)
)
(c:/texlive/2016/texmf-dist/tex/latex/graphics/keyval.sty
Package: keyval 2014/10/28 v1.15 key=value parser (DPC)
\KV@toks@=\toks19
)
(c:/texlive/2016/texmf-dist/tex/generic/ifxetex/ifxetex.sty
Package: ifxetex 2010/09/12 v0.6 Provides ifxetex conditional
)
(c:/texlive/2016/texmf-dist/tex/latex/oberdiek/auxhook.sty
Package: auxhook 2016/05/16 v1.4 Hooks for auxiliary files (HO)
)
(c:/texlive/2016/texmf-dist/tex/latex/oberdiek/kvoptions.sty
Package: kvoptions 2016/05/16 v3.12 Key value format for package options (HO)
)
\@linkdim=\dimen105
\Hy@linkcounter=\count89
\Hy@pagecounter=\count90

(c:/texlive/2016/texmf-dist/tex/latex/hyperref/pd1enc.def
File: pd1enc.def 2016/06/24 v6.83q Hyperref: PDFDocEncoding definition (HO)
)
\Hy@SavedSpaceFactor=\count91
Package hyperref Info: Option `unicode' set `true' on input line 3453.

(c:/texlive/2016/texmf-dist/tex/latex/hyperref/puenc.def
File: puenc.def 2016/06/24 v6.83q Hyperref: PDF Unicode definition (HO)
)
(c:/texlive/2016/texmf-dist/tex/latex/latexconfig/hyperref.cfg
File: hyperref.cfg 2002/06/06 v1.2 hyperref configuration of TeXLive
)
Package hyperref Info: Hyper figures OFF on input line 4486.
Package hyperref Info: Link nesting OFF on input line 4491.
Package hyperref Info: Hyper index ON on input line 4494.
Package hyperref Info: Plain pages OFF on input line 4501.
Package hyperref Info: Backreferencing OFF on input line 4506.
Package hyperref Info: Implicit mode ON; LaTeX internals redefined.
Package hyperref Info: Bookmarks ON on input line 4735.
\c@Hy@tempcnt=\count92

(c:/texlive/2016/texmf-dist/tex/latex/url/url.sty
\Urlmuskip=\muskip10
Package: url 2013/09/16  ver 3.4  Verb mode for urls, etc.
)
LaTeX Info: Redefining \url on input line 5088.
\XeTeXLinkMargin=\dimen106
\Fld@menulength=\count93
\Field@Width=\dimen107
\Fld@charsize=\dimen108
Package hyperref Info: Hyper figures OFF on input line 6342.
Package hyperref Info: Link nesting OFF on input line 6347.
Package hyperref Info: Hyper index ON on input line 6350.
Package hyperref Info: backreferencing OFF on input line 6357.
Package hyperref Info: Link coloring OFF on input line 6362.
Package hyperref Info: Link coloring with OCG OFF on input line 6367.
Package hyperref Info: PDF/A mode OFF on input line 6372.
LaTeX Info: Redefining \ref on input line 6412.
LaTeX Info: Redefining \pageref on input line 6416.
\Hy@abspage=\count94
\c@Item=\count95
\c@Hfootnote=\count96
)

Package hyperref Message: Driver (autodetected): hpdftex.

(c:/texlive/2016/texmf-dist/tex/latex/hyperref/hpdftex.def
File: hpdftex.def 2016/06/24 v6.83q Hyperref driver for pdfTeX
\Fld@listcount=\count97
\c@bookmark@seq@number=\count98

(c:/texlive/2016/texmf-dist/tex/latex/oberdiek/rerunfilecheck.sty
Package: rerunfilecheck 2016/05/16 v1.8 Rerun checks for auxiliary files (HO)
Package uniquecounter Info: New unique counter `rerunfilecheck' on input line 2
82.
)
\Hy@SectionHShift=\skip43
)
(c:/texlive/2016/texmf-dist/tex/latex/tools/indentfirst.sty
Package: indentfirst 1995/11/23 v1.03 Indent first paragraph (DPC)
)
(c:/texlive/2016/texmf-dist/tex/latex/listings/listings.sty
\lst@mode=\count99
\lst@gtempboxa=\box26
\lst@token=\toks20
\lst@length=\count100
\lst@currlwidth=\dimen109
\lst@column=\count101
\lst@pos=\count102
\lst@lostspace=\dimen110
\lst@width=\dimen111
\lst@newlines=\count103
\lst@lineno=\count104
\lst@maxwidth=\dimen112

(c:/texlive/2016/texmf-dist/tex/latex/listings/lstmisc.sty
File: lstmisc.sty 2015/06/04 1.6 (Carsten Heinz)
\c@lstnumber=\count105
\lst@skipnumbers=\count106
\lst@framebox=\box27
)
(c:/texlive/2016/texmf-dist/tex/latex/listings/listings.cfg
File: listings.cfg 2015/06/04 1.6 listings configuration
))
Package: listings 2015/06/04 1.6 (Carsten Heinz)

(c:/texlive/2016/texmf-dist/tex/latex/graphics/color.sty
Package: color 2016/07/10 v1.1e Standard LaTeX Color (DPC)

(c:/texlive/2016/texmf-dist/tex/latex/graphics-cfg/color.cfg
File: color.cfg 2016/01/02 v1.6 sample color configuration
)
Package color Info: Driver file: pdftex.def on input line 147.

(c:/texlive/2016/texmf-dist/tex/latex/graphics-def/pdftex.def
File: pdftex.def 2016/07/10 v0.06j Graphics/color for pdfTeX
\Gread@gobject=\count107
))
(c:/texlive/2016/texmf-dist/tex/latex/here/here.sty)
(c:/texlive/2016/texmf-dist/tex/latex/float/float.sty
Package: float 2001/11/08 v1.3d Float enhancements (AL)
\c@float@type=\count108
\float@exts=\toks21
\float@box=\box28
\@float@everytoks=\toks22
\@floatcapt=\box29
)
(c:/texlive/2016/texmf-dist/tex/latex/tools/array.sty
Package: array 2014/10/28 v2.4c Tabular extension package (FMi)
\col@sep=\dimen113
\extrarowheight=\dimen114
\NC@list=\toks23
\extratabsurround=\skip44
\backup@length=\skip45
)
(c:/texlive/2016/texmf-dist/tex/latex/multirow/multirow.sty
Package: multirow 2016/09/27 v2.0 Span multiple rows of a table
\multirow@colwidth=\skip46
\multirow@cnta=\count109
\multirow@cntb=\count110
\multirow@dima=\skip47
\bigstrutjot=\dimen115
)
(c:/texlive/2016/texmf-dist/tex/latex/graphics/graphicx.sty
Package: graphicx 2014/10/28 v1.0g Enhanced LaTeX Graphics (DPC,SPQR)

(c:/texlive/2016/texmf-dist/tex/latex/graphics/graphics.sty
Package: graphics 2016/07/10 v1.0t Standard LaTeX Graphics (DPC,SPQR)

(c:/texlive/2016/texmf-dist/tex/latex/graphics/trig.sty
Package: trig 2016/01/03 v1.10 sin cos tan (DPC)
)
(c:/texlive/2016/texmf-dist/tex/latex/graphics-cfg/graphics.cfg
File: graphics.cfg 2016/06/04 v1.11 sample graphics configuration
)
Package graphics Info: Driver file: pdftex.def on input line 99.
)
\Gin@req@height=\dimen116
\Gin@req@width=\dimen117
)
(c:/texlive/2016/texmf-dist/tex/latex/amsmath/amsmath.sty
Package: amsmath 2016/06/28 v2.15d AMS math features
\@mathmargin=\skip48

For additional information on amsmath, use the `?' option.
(c:/texlive/2016/texmf-dist/tex/latex/amsmath/amstext.sty
Package: amstext 2000/06/29 v2.01 AMS text

(c:/texlive/2016/texmf-dist/tex/latex/amsmath/amsgen.sty
File: amsgen.sty 1999/11/30 v2.0 generic functions
\@emptytoks=\toks24
\ex@=\dimen118
))
(c:/texlive/2016/texmf-dist/tex/latex/amsmath/amsbsy.sty
Package: amsbsy 1999/11/29 v1.2d Bold Symbols
\pmbraise@=\dimen119
)
(c:/texlive/2016/texmf-dist/tex/latex/amsmath/amsopn.sty
Package: amsopn 2016/03/08 v2.02 operator names
)
\inf@bad=\count111
LaTeX Info: Redefining \frac on input line 199.
\uproot@=\count112
\leftroot@=\count113
LaTeX Info: Redefining \overline on input line 297.
\classnum@=\count114
\DOTSCASE@=\count115
LaTeX Info: Redefining \ldots on input line 394.
LaTeX Info: Redefining \dots on input line 397.
LaTeX Info: Redefining \cdots on input line 518.
\Mathstrutbox@=\box30
\strutbox@=\box31
\big@size=\dimen120
LaTeX Font Info:    Redeclaring font encoding OML on input line 634.
LaTeX Font Info:    Redeclaring font encoding OMS on input line 635.
\macc@depth=\count116
\c@MaxMatrixCols=\count117
\dotsspace@=\muskip11
\c@parentequation=\count118
\dspbrk@lvl=\count119
\tag@help=\toks25
\row@=\count120
\column@=\count121
\maxfields@=\count122
\andhelp@=\toks26
\eqnshift@=\dimen121
\alignsep@=\dimen122
\tagshift@=\dimen123
\tagwidth@=\dimen124
\totwidth@=\dimen125
\lineht@=\dimen126
\@envbody=\toks27
\multlinegap=\skip49
\multlinetaggap=\skip50
\mathdisplay@stack=\toks28
LaTeX Info: Redefining \[ on input line 2739.
LaTeX Info: Redefining \] on input line 2740.
)
(c:/texlive/2016/texmf-dist/tex/latex/caption/caption.sty
Package: caption 2016/02/21 v3.3-144 Customizing captions (AR)

(c:/texlive/2016/texmf-dist/tex/latex/caption/caption3.sty
Package: caption3 2016/05/22 v1.7-166 caption3 kernel (AR)
Package caption3 Info: TeX engine: e-TeX on input line 67.
\captionmargin=\dimen127
\captionmargin@=\dimen128
\captionwidth=\dimen129
\caption@tempdima=\dimen130
\caption@indent=\dimen131
\caption@parindent=\dimen132
\caption@hangindent=\dimen133
)
\c@ContinuedFloat=\count123
Package caption Info: float package is loaded.
Package caption Info: hyperref package is loaded.
Package caption Info: listings package is loaded.
)
(c:/texlive/2016/texmf-dist/tex/latex/listings/lstlang1.sty
File: lstlang1.sty 2015/06/04 1.6 listings language file
)
(c:/texlive/2016/texmf-dist/tex/latex/listings/lstmisc.sty
File: lstmisc.sty 2015/06/04 1.6 (Carsten Heinz)
)
(c:/texlive/2016/texmf-dist/tex/latex/geometry/geometry.sty
Package: geometry 2010/09/12 v5.6 Page Geometry
\Gm@cnth=\count124
\Gm@cntv=\count125
\c@Gm@tempcnt=\count126
\Gm@bindingoffset=\dimen134
\Gm@wd@mp=\dimen135
\Gm@odd@mp=\dimen136
\Gm@even@mp=\dimen137
\Gm@layoutwidth=\dimen138
\Gm@layoutheight=\dimen139
\Gm@layouthoffset=\dimen140
\Gm@layoutvoffset=\dimen141
\Gm@dimlist=\toks29
)
(c:/texlive/2016/texmf-dist/tex/latex/chngcntr/chngcntr.sty
Package: chngcntr 2009/09/02 v1.0a change counter resetting
)
(c:/texlive/2016/texmf-dist/tex/latex/titlesec/titlesec.sty
Package: titlesec 2016/03/21 v2.10.2 Sectioning titles
\ttl@box=\box32
\beforetitleunit=\skip51
\aftertitleunit=\skip52
\ttl@plus=\dimen142
\ttl@minus=\dimen143
\ttl@toksa=\toks30
\titlewidth=\dimen144
\titlewidthlast=\dimen145
\titlewidthfirst=\dimen146
)
(c:/texlive/2016/texmf-dist/tex/latex/titlesec/titletoc.sty
Package: titletoc 2011/12/15 v1.6 TOC entries
\ttl@leftsep=\dimen147
)) (./report.aux
(./titlepage.aux) (./ToC.aux))
\openout1 = `report.aux'.

LaTeX Font Info:    Checking defaults for OML/cmm/m/it on input line 3.
LaTeX Font Info:    ... okay on input line 3.
LaTeX Font Info:    Checking defaults for T1/cmr/m/n on input line 3.
LaTeX Font Info:    ... okay on input line 3.
LaTeX Font Info:    Checking defaults for OT1/cmr/m/n on input line 3.
LaTeX Font Info:    ... okay on input line 3.
LaTeX Font Info:    Checking defaults for OMS/cmsy/m/n on input line 3.
LaTeX Font Info:    ... okay on input line 3.
LaTeX Font Info:    Checking defaults for OMX/cmex/m/n on input line 3.
LaTeX Font Info:    ... okay on input line 3.
LaTeX Font Info:    Checking defaults for U/cmr/m/n on input line 3.
LaTeX Font Info:    ... okay on input line 3.
LaTeX Font Info:    Checking defaults for T2A/cmr/m/n on input line 3.
LaTeX Font Info:    ... okay on input line 3.
LaTeX Font Info:    Checking defaults for PD1/pdf/m/n on input line 3.
LaTeX Font Info:    ... okay on input line 3.
LaTeX Font Info:    Checking defaults for PU/pdf/m/n on input line 3.
LaTeX Font Info:    ... okay on input line 3.

(c:/texlive/2016/texmf-dist/tex/latex/ucs/ucsencs.def
File: ucsencs.def 2011/01/21 Fixes to fontencodings LGR, T3
)
\AtBeginShipoutBox=\box33
Package hyperref Info: Link coloring OFF on input line 3.

(c:/texlive/2016/texmf-dist/tex/latex/hyperref/nameref.sty
Package: nameref 2016/05/21 v2.44 Cross-referencing by name of section

(c:/texlive/2016/texmf-dist/tex/generic/oberdiek/gettitlestring.sty
Package: gettitlestring 2016/05/16 v1.5 Cleanup title references (HO)
)
\c@section@level=\count127
)
LaTeX Info: Redefining \ref on input line 3.
LaTeX Info: Redefining \pageref on input line 3.
LaTeX Info: Redefining \nameref on input line 3.

(./report.out) (./report.out)
\@outlinefile=\write3
\openout3 = `report.out'.

\c@lstlisting=\count128

(c:/texlive/2016/texmf-dist/tex/context/base/mkii/supp-pdf.mkii
[Loading MPS to PDF converter (version 2006.09.02).]
\scratchcounter=\count129
\scratchdimen=\dimen148
\scratchbox=\box34
\nofMPsegments=\count130
\nofMParguments=\count131
\everyMPshowfont=\toks31
\MPscratchCnt=\count132
\MPscratchDim=\dimen149
\MPnumerator=\count133
\makeMPintoPDFobject=\count134
\everyMPtoPDFconversion=\toks32
) (c:/texlive/2016/texmf-dist/tex/latex/oberdiek/epstopdf-base.sty
Package: epstopdf-base 2016/05/15 v2.6 Base part for package epstopdf

(c:/texlive/2016/texmf-dist/tex/latex/oberdiek/grfext.sty
Package: grfext 2016/05/16 v1.2 Manage graphics extensions (HO)
)
Package epstopdf-base Info: Redefining graphics rule for `.eps' on input line 4
38.
Package grfext Info: Graphics extension search list:
(grfext)             [.png,.pdf,.jpg,.mps,.jpeg,.jbig2,.jb2,.PNG,.PDF,.JPG,.JPE
G,.JBIG2,.JB2,.eps]
(grfext)             \AppendGraphicsExtensions on input line 456.

(c:/texlive/2016/texmf-dist/tex/latex/latexconfig/epstopdf-sys.cfg
File: epstopdf-sys.cfg 2010/07/13 v1.3 Configuration of (r)epstopdf for TeX Liv
e
))
Package caption Info: Begin \AtBeginDocument code.
Package caption Info: End \AtBeginDocument code.

*geometry* driver: auto-detecting
*geometry* detected driver: pdftex
*geometry* verbose mode - [ preamble ] result:
* driver: pdftex
* paper: a4paper
* layout: <same size as paper>
* layoutoffset:(h,v)=(0.0pt,0.0pt)
* modes: 
* h-part:(L,W,R)=(56.9055pt, 483.69687pt, 56.9055pt)
* v-part:(T,H,B)=(56.9055pt, 731.23584pt, 56.9055pt)
* \paperwidth=597.50787pt
* \paperheight=845.04684pt
* \textwidth=483.69687pt
* \textheight=731.23584pt
* \oddsidemargin=-15.36449pt
* \evensidemargin=-15.36449pt
* \topmargin=-52.36449pt
* \headheight=12.0pt
* \headsep=25.0pt
* \topskip=12.0pt
* \footskip=30.0pt
* \marginparwidth=35.0pt
* \marginparsep=10.0pt
* \columnsep=10.0pt
* \skip\footins=10.8pt plus 4.0pt minus 2.0pt
* \hoffset=0.0pt
* \voffset=0.0pt
* \mag=1000
* \@twocolumnfalse
* \@twosidefalse
* \@mparswitchfalse
* \@reversemarginfalse
* (1in=72.27pt=25.4mm, 1cm=28.453pt)

\openout2 = `titlepage.aux'.

(./titlepage.tex (c:/texlive/2016/texmf-dist/tex/latex/ucs/data/uni-4.def
File: uni-4.def 2013/05/13 UCS: Unicode data U+0400..U+04FF
)
(c:/texlive/2016/texmf-dist/tex/latex/ucs/data/uni-33.def
File: uni-33.def 2013/05/13 UCS: Unicode data U+2100..U+21FF
)
Package babel Info: Redefining russian shorthand "|
(babel)             in language append on input line 40.
Package babel Info: Redefining russian shorthand "~
(babel)             in language append on input line 40.
Package babel Info: Redefining russian shorthand "|
(babel)             in language append on input line 40.
Package babel Info: Redefining russian shorthand "~
(babel)             in language append on input line 40.
 [1




{c:/texlive/2016/texmf-var/fonts/map/pdftex/updmap/pdftex.map}])
\openout2 = `ToC.aux'.

 (./ToC.tex (./report.toc)
\tf@toc=\write4
\openout4 = `report.toc'.

Package babel Info: Redefining russian shorthand "|
(babel)             in language append on input line 4.
Package babel Info: Redefining russian shorthand "~
(babel)             in language append on input line 4.
Package babel Info: Redefining russian shorthand "|
(babel)             in language append on input line 4.
Package babel Info: Redefining russian shorthand "~
(babel)             in language append on input line 4.
pdfTeX warning (ext4): destination with the same identifier (name{page.1}) has 
been already used, duplicate ignored
<to be read again> 
                   \relax 
l.4 \newpage
             [1


])
Package babel Info: Redefining russian shorthand "|
(babel)             in language append on input line 12.
Package babel Info: Redefining russian shorthand "~
(babel)             in language append on input line 12.
Package babel Info: Redefining russian shorthand "|
(babel)             in language append on input line 15.
Package babel Info: Redefining russian shorthand "~
(babel)             in language append on input line 15.
Package babel Info: Redefining russian shorthand "|
(babel)             in language append on input line 19.
Package babel Info: Redefining russian shorthand "~
(babel)             in language append on input line 19.
Package babel Info: Redefining russian shorthand "|
(babel)             in language append on input line 28.
Package babel Info: Redefining russian shorthand "~
(babel)             in language append on input line 28.
Package babel Info: Redefining russian shorthand "|
(babel)             in language append on input line 30.
Package babel Info: Redefining russian shorthand "~
(babel)             in language append on input line 30.
Package epstopdf Info: Source file: <fig/lab1_01.eps>
(epstopdf)                    date: 2017-02-19 21:21:12
(epstopdf)                    size: 86733 bytes
(epstopdf)             Output file: <fig/lab1_01-eps-converted-to.pdf>
(epstopdf)                    date: 2017-02-19 21:45:13
(epstopdf)                    size: 16261 bytes
(epstopdf)             Command: <repstopdf --outfile=fig/lab1_01-eps-converted-
to.pdf fig/lab1_01.eps>
(epstopdf)             \includegraphics on input line 33.
Package epstopdf Info: Output file is already uptodate.

<fig/lab1_01-eps-converted-to.pdf, id=123, 346.29375pt x 277.035pt>
File: fig/lab1_01-eps-converted-to.pdf Graphic file (type pdf)

<use fig/lab1_01-eps-converted-to.pdf>
Package pdftex.def Info: fig/lab1_01-eps-converted-to.pdf used on input line 33
.
(pdftex.def)             Requested size: 242.40396pt x 193.92317pt.
Package epstopdf Info: Source file: <fig/lab1_03.eps>
(epstopdf)                    date: 2017-02-19 21:21:13
(epstopdf)                    size: 25829 bytes
(epstopdf)             Output file: <fig/lab1_03-eps-converted-to.pdf>
(epstopdf)                    date: 2017-02-19 22:09:17
(epstopdf)                    size: 6623 bytes
(epstopdf)             Command: <repstopdf --outfile=fig/lab1_03-eps-converted-
to.pdf fig/lab1_03.eps>
(epstopdf)             \includegraphics on input line 41.
Package epstopdf Info: Output file is already uptodate.

<fig/lab1_03-eps-converted-to.pdf, id=124, 360.34625pt x 277.035pt>
File: fig/lab1_03-eps-converted-to.pdf Graphic file (type pdf)

<use fig/lab1_03-eps-converted-to.pdf>
Package pdftex.def Info: fig/lab1_03-eps-converted-to.pdf used on input line 41
.
(pdftex.def)             Requested size: 252.24065pt x 193.92317pt.
Package babel Info: Redefining russian shorthand "|
(babel)             in language append on input line 46.
Package babel Info: Redefining russian shorthand "~
(babel)             in language append on input line 46.
Package babel Info: Redefining russian shorthand "|
(babel)             in language append on input line 46.
Package babel Info: Redefining russian shorthand "~
(babel)             in language append on input line 46.
 [2

 <./fig/lab1_01-eps-converted-to.pdf>]
Package babel Info: Redefining russian shorthand "|
(babel)             in language append on input line 47.
Package babel Info: Redefining russian shorthand "~
(babel)             in language append on input line 47.
Package epstopdf Info: Source file: <fig/lab1_04.eps>
(epstopdf)                    date: 2017-02-19 21:21:13
(epstopdf)                    size: 24522 bytes
(epstopdf)             Output file: <fig/lab1_04-eps-converted-to.pdf>
(epstopdf)                    date: 2017-02-19 22:24:37
(epstopdf)                    size: 5706 bytes
(epstopdf)             Command: <repstopdf --outfile=fig/lab1_04-eps-converted-
to.pdf fig/lab1_04.eps>
(epstopdf)             \includegraphics on input line 53.
Package epstopdf Info: Output file is already uptodate.
<fig/lab1_04-eps-converted-to.pdf, id=135, 352.31625pt x 277.035pt>
File: fig/lab1_04-eps-converted-to.pdf Graphic file (type pdf)

<use fig/lab1_04-eps-converted-to.pdf>
Package pdftex.def Info: fig/lab1_04-eps-converted-to.pdf used on input line 53
.
(pdftex.def)             Requested size: 246.61969pt x 193.92317pt.
Package babel Info: Redefining russian shorthand "|
(babel)             in language append on input line 60.
Package babel Info: Redefining russian shorthand "~
(babel)             in language append on input line 60.
Package epstopdf Info: Source file: <fig/lab1_05.eps>
(epstopdf)                    date: 2017-02-19 21:21:14
(epstopdf)                    size: 17463 bytes
(epstopdf)             Output file: <fig/lab1_05-eps-converted-to.pdf>
(epstopdf)                    date: 2017-02-19 22:32:52
(epstopdf)                    size: 4601 bytes
(epstopdf)             Command: <repstopdf --outfile=fig/lab1_05-eps-converted-
to.pdf fig/lab1_05.eps>
(epstopdf)             \includegraphics on input line 71.
Package epstopdf Info: Output file is already uptodate.

<fig/lab1_05-eps-converted-to.pdf, id=136, 348.30125pt x 277.035pt>
File: fig/lab1_05-eps-converted-to.pdf Graphic file (type pdf)

<use fig/lab1_05-eps-converted-to.pdf>
Package pdftex.def Info: fig/lab1_05-eps-converted-to.pdf used on input line 71
.
(pdftex.def)             Requested size: 243.8092pt x 193.92317pt.
Package babel Info: Redefining russian shorthand "|
(babel)             in language append on input line 76.
Package babel Info: Redefining russian shorthand "~
(babel)             in language append on input line 76.
Package babel Info: Redefining russian shorthand "|
(babel)             in language append on input line 76.
Package babel Info: Redefining russian shorthand "~
(babel)             in language append on input line 76.
 [3 <./fig/lab1_03-eps-converted-to.pdf> <./fig/lab1_04-eps-converted-to.pdf>]
Package babel Info: Redefining russian shorthand "|
(babel)             in language append on input line 76.
Package babel Info: Redefining russian shorthand "~
(babel)             in language append on input line 76.
Package epstopdf Info: Source file: <fig/lab1_06.eps>
(epstopdf)                    date: 2017-02-19 21:21:14
(epstopdf)                    size: 17442 bytes
(epstopdf)             Output file: <fig/lab1_06-eps-converted-to.pdf>
(epstopdf)                    date: 2017-02-20 00:12:15
(epstopdf)                    size: 4946 bytes
(epstopdf)             Command: <repstopdf --outfile=fig/lab1_06-eps-converted-
to.pdf fig/lab1_06.eps>
(epstopdf)             \includegraphics on input line 87.
Package epstopdf Info: Output file is already uptodate.

<fig/lab1_06-eps-converted-to.pdf, id=160, 347.2975pt x 277.035pt>
File: fig/lab1_06-eps-converted-to.pdf Graphic file (type pdf)

<use fig/lab1_06-eps-converted-to.pdf>
Package pdftex.def Info: fig/lab1_06-eps-converted-to.pdf used on input line 87
.
(pdftex.def)             Requested size: 243.10658pt x 193.92317pt.
Package babel Info: Redefining russian shorthand "|
(babel)             in language append on input line 92.
Package babel Info: Redefining russian shorthand "~
(babel)             in language append on input line 92.
Package epstopdf Info: Source file: <fig/lab1_07.eps>
(epstopdf)                    date: 2017-02-19 21:21:14
(epstopdf)                    size: 21632 bytes
(epstopdf)             Output file: <fig/lab1_07-eps-converted-to.pdf>
(epstopdf)                    date: 2017-02-20 00:12:18
(epstopdf)                    size: 5460 bytes
(epstopdf)             Command: <repstopdf --outfile=fig/lab1_07-eps-converted-
to.pdf fig/lab1_07.eps>
(epstopdf)             \includegraphics on input line 99.
Package epstopdf Info: Output file is already uptodate.

<fig/lab1_07-eps-converted-to.pdf, id=161, 354.32375pt x 275.0275pt>
File: fig/lab1_07-eps-converted-to.pdf Graphic file (type pdf)

<use fig/lab1_07-eps-converted-to.pdf>
Package pdftex.def Info: fig/lab1_07-eps-converted-to.pdf used on input line 99
.
(pdftex.def)             Requested size: 248.02492pt x 192.51793pt.
Package babel Info: Redefining russian shorthand "|
(babel)             in language append on input line 104.
Package babel Info: Redefining russian shorthand "~
(babel)             in language append on input line 104.
Package babel Info: Redefining russian shorthand "|
(babel)             in language append on input line 104.
Package babel Info: Redefining russian shorthand "~
(babel)             in language append on input line 104.
 [4 <./fig/lab1_05-eps-converted-to.pdf> <./fig/lab1_06-eps-converted-to.pdf>]
Package epstopdf Info: Source file: <fig/lab1_08.eps>
(epstopdf)                    date: 2017-02-19 21:21:14
(epstopdf)                    size: 18531 bytes
(epstopdf)             Output file: <fig/lab1_08-eps-converted-to.pdf>
(epstopdf)                    date: 2017-02-20 00:25:32
(epstopdf)                    size: 5392 bytes
(epstopdf)             Command: <repstopdf --outfile=fig/lab1_08-eps-converted-
to.pdf fig/lab1_08.eps>
(epstopdf)             \includegraphics on input line 107.
Package epstopdf Info: Output file is already uptodate.

<fig/lab1_08-eps-converted-to.pdf, id=182, 355.3275pt x 277.035pt>
File: fig/lab1_08-eps-converted-to.pdf Graphic file (type pdf)

<use fig/lab1_08-eps-converted-to.pdf>
Package pdftex.def Info: fig/lab1_08-eps-converted-to.pdf used on input line 10
7.
(pdftex.def)             Requested size: 248.72754pt x 193.92317pt.
Package babel Info: Redefining russian shorthand "|
(babel)             in language append on input line 113.
Package babel Info: Redefining russian shorthand "~
(babel)             in language append on input line 113.
Package epstopdf Info: Source file: <fig/lab1_09.eps>
(epstopdf)                    date: 2017-02-19 21:21:15
(epstopdf)                    size: 23797 bytes
(epstopdf)             Output file: <fig/lab1_09-eps-converted-to.pdf>
(epstopdf)                    date: 2017-02-20 00:33:05
(epstopdf)                    size: 6388 bytes
(epstopdf)             Command: <repstopdf --outfile=fig/lab1_09-eps-converted-
to.pdf fig/lab1_09.eps>
(epstopdf)             \includegraphics on input line 126.
Package epstopdf Info: Output file is already uptodate.

<fig/lab1_09-eps-converted-to.pdf, id=183, 356.33125pt x 277.035pt>
File: fig/lab1_09-eps-converted-to.pdf Graphic file (type pdf)

<use fig/lab1_09-eps-converted-to.pdf>
Package pdftex.def Info: fig/lab1_09-eps-converted-to.pdf used on input line 12
6.
(pdftex.def)             Requested size: 249.43016pt x 193.92317pt.
Package babel Info: Redefining russian shorthand "|
(babel)             in language append on input line 131.
Package babel Info: Redefining russian shorthand "~
(babel)             in language append on input line 131.
Package babel Info: Redefining russian shorthand "|
(babel)             in language append on input line 131.
Package babel Info: Redefining russian shorthand "~
(babel)             in language append on input line 131.
 [5 <./fig/lab1_07-eps-converted-to.pdf> <./fig/lab1_08-eps-converted-to.pdf>]
Package epstopdf Info: Source file: <fig/lab1_10.eps>
(epstopdf)                    date: 2017-02-19 21:21:15
(epstopdf)                    size: 20986 bytes
(epstopdf)             Output file: <fig/lab1_10-eps-converted-to.pdf>
(epstopdf)                    date: 2017-02-20 00:33:08
(epstopdf)                    size: 6836 bytes
(epstopdf)             Command: <repstopdf --outfile=fig/lab1_10-eps-converted-
to.pdf fig/lab1_10.eps>
(epstopdf)             \includegraphics on input line 134.
Package epstopdf Info: Output file is already uptodate.

<fig/lab1_10-eps-converted-to.pdf, id=201, 362.35374pt x 277.035pt>
File: fig/lab1_10-eps-converted-to.pdf Graphic file (type pdf)

<use fig/lab1_10-eps-converted-to.pdf>
Package pdftex.def Info: fig/lab1_10-eps-converted-to.pdf used on input line 13
4.
(pdftex.def)             Requested size: 253.64589pt x 193.92317pt.
Package babel Info: Redefining russian shorthand "|
(babel)             in language append on input line 141.
Package babel Info: Redefining russian shorthand "~
(babel)             in language append on input line 141.
Package epstopdf Info: Source file: <fig/lab1_11.eps>
(epstopdf)                    date: 2017-02-19 21:21:15
(epstopdf)                    size: 25820 bytes
(epstopdf)             Output file: <fig/lab1_11-eps-converted-to.pdf>
(epstopdf)                    date: 2017-02-20 00:44:00
(epstopdf)                    size: 5681 bytes
(epstopdf)             Command: <repstopdf --outfile=fig/lab1_11-eps-converted-
to.pdf fig/lab1_11.eps>
(epstopdf)             \includegraphics on input line 145.
Package epstopdf Info: Output file is already uptodate.

<fig/lab1_11-eps-converted-to.pdf, id=202, 352.31625pt x 277.035pt>
File: fig/lab1_11-eps-converted-to.pdf Graphic file (type pdf)

<use fig/lab1_11-eps-converted-to.pdf>
Package pdftex.def Info: fig/lab1_11-eps-converted-to.pdf used on input line 14
5.
(pdftex.def)             Requested size: 246.61969pt x 193.92317pt.
Package babel Info: Redefining russian shorthand "|
(babel)             in language append on input line 150.
Package babel Info: Redefining russian shorthand "~
(babel)             in language append on input line 150.
Package babel Info: Redefining russian shorthand "|
(babel)             in language append on input line 150.
Package babel Info: Redefining russian shorthand "~
(babel)             in language append on input line 150.
 [6 <./fig/lab1_09-eps-converted-to.pdf> <./fig/lab1_10-eps-converted-to.pdf>]
Package epstopdf Info: Source file: <fig/lab1_12.eps>
(epstopdf)                    date: 2017-02-19 21:21:15
(epstopdf)                    size: 26853 bytes
(epstopdf)             Output file: <fig/lab1_12-eps-converted-to.pdf>
(epstopdf)                    date: 2017-02-20 00:45:26
(epstopdf)                    size: 7611 bytes
(epstopdf)             Command: <repstopdf --outfile=fig/lab1_12-eps-converted-
to.pdf fig/lab1_12.eps>
(epstopdf)             \includegraphics on input line 153.
Package epstopdf Info: Output file is already uptodate.

<fig/lab1_12-eps-converted-to.pdf, id=220, 352.31625pt x 277.035pt>
File: fig/lab1_12-eps-converted-to.pdf Graphic file (type pdf)

<use fig/lab1_12-eps-converted-to.pdf>
Package pdftex.def Info: fig/lab1_12-eps-converted-to.pdf used on input line 15
3.
(pdftex.def)             Requested size: 246.61969pt x 193.92317pt.
Package babel Info: Redefining russian shorthand "|
(babel)             in language append on input line 160.
Package babel Info: Redefining russian shorthand "~
(babel)             in language append on input line 160.
Package epstopdf Info: Source file: <fig/lab1_13.eps>
(epstopdf)                    date: 2017-02-19 21:21:15
(epstopdf)                    size: 17648 bytes
(epstopdf)             Output file: <fig/lab1_13-eps-converted-to.pdf>
(epstopdf)                    date: 2017-02-20 00:55:03
(epstopdf)                    size: 4608 bytes
(epstopdf)             Command: <repstopdf --outfile=fig/lab1_13-eps-converted-
to.pdf fig/lab1_13.eps>
(epstopdf)             \includegraphics on input line 163.
Package epstopdf Info: Output file is already uptodate.

<fig/lab1_13-eps-converted-to.pdf, id=221, 355.3275pt x 277.035pt>
File: fig/lab1_13-eps-converted-to.pdf Graphic file (type pdf)

<use fig/lab1_13-eps-converted-to.pdf>
Package pdftex.def Info: fig/lab1_13-eps-converted-to.pdf used on input line 16
3.
(pdftex.def)             Requested size: 248.72754pt x 193.92317pt.
Package babel Info: Redefining russian shorthand "|
(babel)             in language append on input line 168.
Package babel Info: Redefining russian shorthand "~
(babel)             in language append on input line 168.
Package babel Info: Redefining russian shorthand "|
(babel)             in language append on input line 168.
Package babel Info: Redefining russian shorthand "~
(babel)             in language append on input line 168.
 [7 <./fig/lab1_11-eps-converted-to.pdf> <./fig/lab1_12-eps-converted-to.pdf>]
Package babel Info: Redefining russian shorthand "|
(babel)             in language append on input line 168.
Package babel Info: Redefining russian shorthand "~
(babel)             in language append on input line 168.
Package epstopdf Info: Source file: <fig/lab1_14.eps>
(epstopdf)                    date: 2017-02-19 21:21:16
(epstopdf)                    size: 20609 bytes
(epstopdf)             Output file: <fig/lab1_14-eps-converted-to.pdf>
(epstopdf)                    date: 2017-02-20 00:56:04
(epstopdf)                    size: 5764 bytes
(epstopdf)             Command: <repstopdf --outfile=fig/lab1_14-eps-converted-
to.pdf fig/lab1_14.eps>
(epstopdf)             \includegraphics on input line 171.
Package epstopdf Info: Output file is already uptodate.

<fig/lab1_14-eps-converted-to.pdf, id=238, 357.335pt x 277.035pt>
File: fig/lab1_14-eps-converted-to.pdf Graphic file (type pdf)

<use fig/lab1_14-eps-converted-to.pdf>
Package pdftex.def Info: fig/lab1_14-eps-converted-to.pdf used on input line 17
1.
(pdftex.def)             Requested size: 250.13278pt x 193.92317pt.
Package babel Info: Redefining russian shorthand "|
(babel)             in language append on input line 177.
Package babel Info: Redefining russian shorthand "~
(babel)             in language append on input line 177.
Package epstopdf Info: Source file: <fig/lab1_15.eps>
(epstopdf)                    date: 2017-02-19 21:21:16
(epstopdf)                    size: 43699 bytes
(epstopdf)             Output file: <fig/lab1_15-eps-converted-to.pdf>
(epstopdf)                    date: 2017-02-20 01:09:23
(epstopdf)                    size: 18148 bytes
(epstopdf)             Command: <repstopdf --outfile=fig/lab1_15-eps-converted-
to.pdf fig/lab1_15.eps>
(epstopdf)             \includegraphics on input line 186.
Package epstopdf Info: Output file is already uptodate.

<fig/lab1_15-eps-converted-to.pdf, id=239, 353.32pt x 287.0725pt>
File: fig/lab1_15-eps-converted-to.pdf Graphic file (type pdf)

<use fig/lab1_15-eps-converted-to.pdf>
Package pdftex.def Info: fig/lab1_15-eps-converted-to.pdf used on input line 18
6.
(pdftex.def)             Requested size: 247.32231pt x 200.94937pt.
Package babel Info: Redefining russian shorthand "|
(babel)             in language append on input line 191.
Package babel Info: Redefining russian shorthand "~
(babel)             in language append on input line 191.
Package babel Info: Redefining russian shorthand "|
(babel)             in language append on input line 191.
Package babel Info: Redefining russian shorthand "~
(babel)             in language append on input line 191.
 [8 <./fig/lab1_13-eps-converted-to.pdf> <./fig/lab1_14-eps-converted-to.pdf>]
Package epstopdf Info: Source file: <fig/lab1_16.eps>
(epstopdf)                    date: 2017-02-19 21:21:16
(epstopdf)                    size: 45174 bytes
(epstopdf)             Output file: <fig/lab1_16-eps-converted-to.pdf>
(epstopdf)                    date: 2017-02-20 01:10:08
(epstopdf)                    size: 17893 bytes
(epstopdf)             Command: <repstopdf --outfile=fig/lab1_16-eps-converted-
to.pdf fig/lab1_16.eps>
(epstopdf)             \includegraphics on input line 194.
Package epstopdf Info: Output file is already uptodate.

<fig/lab1_16-eps-converted-to.pdf, id=257, 353.32pt x 287.0725pt>
File: fig/lab1_16-eps-converted-to.pdf Graphic file (type pdf)

<use fig/lab1_16-eps-converted-to.pdf>
Package pdftex.def Info: fig/lab1_16-eps-converted-to.pdf used on input line 19
4.
(pdftex.def)             Requested size: 247.32231pt x 200.94937pt.
Package babel Info: Redefining russian shorthand "|
(babel)             in language append on input line 201.
Package babel Info: Redefining russian shorthand "~
(babel)             in language append on input line 201.
Package babel Info: Redefining russian shorthand "|
(babel)             in language append on input line 203.
Package babel Info: Redefining russian shorthand "~
(babel)             in language append on input line 203.
Package epstopdf Info: Source file: <fig/lab1_17.eps>
(epstopdf)                    date: 2017-02-19 21:21:17
(epstopdf)                    size: 35621 bytes
(epstopdf)             Output file: <fig/lab1_17-eps-converted-to.pdf>
(epstopdf)                    date: 2017-02-20 01:16:05
(epstopdf)                    size: 10319 bytes
(epstopdf)             Command: <repstopdf --outfile=fig/lab1_17-eps-converted-
to.pdf fig/lab1_17.eps>
(epstopdf)             \includegraphics on input line 212.
Package epstopdf Info: Output file is already uptodate.

<fig/lab1_17-eps-converted-to.pdf, id=258, 368.37625pt x 302.12875pt>
File: fig/lab1_17-eps-converted-to.pdf Graphic file (type pdf)

<use fig/lab1_17-eps-converted-to.pdf>
Package pdftex.def Info: fig/lab1_17-eps-converted-to.pdf used on input line 21
2.
(pdftex.def)             Requested size: 257.8616pt x 211.48868pt.
Package babel Info: Redefining russian shorthand "|
(babel)             in language append on input line 217.
Package babel Info: Redefining russian shorthand "~
(babel)             in language append on input line 217.
Package babel Info: Redefining russian shorthand "|
(babel)             in language append on input line 217.
Package babel Info: Redefining russian shorthand "~
(babel)             in language append on input line 217.
 [9 <./fig/lab1_15-eps-converted-to.pdf> <./fig/lab1_16-eps-converted-to.pdf>]
Package babel Info: Redefining russian shorthand "|
(babel)             in language append on input line 219.
Package babel Info: Redefining russian shorthand "~
(babel)             in language append on input line 219.
Package epstopdf Info: Source file: <fig/lab1_18.eps>
(epstopdf)                    date: 2017-02-19 21:21:17
(epstopdf)                    size: 34366 bytes
(epstopdf)             Output file: <fig/lab1_18-eps-converted-to.pdf>
(epstopdf)                    date: 2017-02-20 01:18:17
(epstopdf)                    size: 10575 bytes
(epstopdf)             Command: <repstopdf --outfile=fig/lab1_18-eps-converted-
to.pdf fig/lab1_18.eps>
(epstopdf)             \includegraphics on input line 228.
Package epstopdf Info: Output file is already uptodate.

<fig/lab1_18-eps-converted-to.pdf, id=282, 368.37625pt x 302.12875pt>
File: fig/lab1_18-eps-converted-to.pdf Graphic file (type pdf)

<use fig/lab1_18-eps-converted-to.pdf>
Package pdftex.def Info: fig/lab1_18-eps-converted-to.pdf used on input line 22
8.
(pdftex.def)             Requested size: 257.8616pt x 211.48868pt.
Package babel Info: Redefining russian shorthand "|
(babel)             in language append on input line 235.
Package babel Info: Redefining russian shorthand "~
(babel)             in language append on input line 235.
Package epstopdf Info: Source file: <fig/lab1_19.eps>
(epstopdf)                    date: 2017-02-19 21:21:17
(epstopdf)                    size: 35719 bytes
(epstopdf)             Output file: <fig/lab1_19-eps-converted-to.pdf>
(epstopdf)                    date: 2017-02-20 01:20:57
(epstopdf)                    size: 10827 bytes
(epstopdf)             Command: <repstopdf --outfile=fig/lab1_19-eps-converted-
to.pdf fig/lab1_19.eps>
(epstopdf)             \includegraphics on input line 244.
Package epstopdf Info: Output file is already uptodate.

<fig/lab1_19-eps-converted-to.pdf, id=283, 368.37625pt x 302.12875pt>
File: fig/lab1_19-eps-converted-to.pdf Graphic file (type pdf)

<use fig/lab1_19-eps-converted-to.pdf>
Package pdftex.def Info: fig/lab1_19-eps-converted-to.pdf used on input line 24
4.
(pdftex.def)             Requested size: 257.8616pt x 211.48868pt.
Package babel Info: Redefining russian shorthand "|
(babel)             in language append on input line 249.
Package babel Info: Redefining russian shorthand "~
(babel)             in language append on input line 249.
Package babel Info: Redefining russian shorthand "|
(babel)             in language append on input line 249.
Package babel Info: Redefining russian shorthand "~
(babel)             in language append on input line 249.
 [10 <./fig/lab1_17-eps-converted-to.pdf> <./fig/lab1_18-eps-converted-to.pdf>]
Package babel Info: Redefining russian shorthand "|
(babel)             in language append on input line 250.
Package babel Info: Redefining russian shorthand "~
(babel)             in language append on input line 250.
Package babel Info: Redefining russian shorthand "|
(babel)             in language append on input line 256.
Package babel Info: Redefining russian shorthand "~
(babel)             in language append on input line 256.
Package babel Info: Redefining russian shorthand "|
(babel)             in language append on input line 256.
Package babel Info: Redefining russian shorthand "~
(babel)             in language append on input line 256.
 [11 <./fig/lab1_19-eps-converted-to.pdf>]
Package babel Info: Redefining russian shorthand "|
(babel)             in language append on input line 257.
Package babel Info: Redefining russian shorthand "~
(babel)             in language append on input line 257.
Package babel Info: Redefining russian shorthand "|
(babel)             in language append on input line 258.
Package babel Info: Redefining russian shorthand "~
(babel)             in language append on input line 258.
Package hyperref Info: bookmark level for unknown lstlisting defaults to 0 on i
nput line 268.
 (./listings/lab1.m
LaTeX Font Info:    Try loading font information for OMS+cmr on input line 11.
 (c:/texlive/2016/texmf-dist/tex/latex/base/omscmr.fd
File: omscmr.fd 2014/09/29 v2.5h Standard LaTeX font definitions
)
LaTeX Font Info:    Font shape `OMS/cmr/m/n' in size <10> not available
(Font)              Font shape `OMS/cmsy/m/n' tried instead on input line 11.
Package babel Info: Redefining russian shorthand "|
(babel)             in language append on input line 56.
Package babel Info: Redefining russian shorthand "~
(babel)             in language append on input line 56.
Package babel Info: Redefining russian shorthand "|
(babel)             in language append on input line 56.
Package babel Info: Redefining russian shorthand "~
(babel)             in language append on input line 56.

[12]
Package babel Info: Redefining russian shorthand "|
(babel)             in language append on input line 116.
Package babel Info: Redefining russian shorthand "~
(babel)             in language append on input line 116.
Package babel Info: Redefining russian shorthand "|
(babel)             in language append on input line 116.
Package babel Info: Redefining russian shorthand "~
(babel)             in language append on input line 116.
 [13]
Package babel Info: Redefining russian shorthand "|
(babel)             in language append on input line 176.
Package babel Info: Redefining russian shorthand "~
(babel)             in language append on input line 176.
Package babel Info: Redefining russian shorthand "|
(babel)             in language append on input line 176.
Package babel Info: Redefining russian shorthand "~
(babel)             in language append on input line 176.
 [14])

Package caption Warning: Unused \captionsetup[table] on input line 65.
See the caption package documentation for explanation.

Package atveryend Info: Empty hook `BeforeClearDocument' on input line 270.
Package babel Info: Redefining russian shorthand "|
(babel)             in language append on input line 270.
Package babel Info: Redefining russian shorthand "~
(babel)             in language append on input line 270.
Package babel Info: Redefining russian shorthand "|
(babel)             in language append on input line 270.
Package babel Info: Redefining russian shorthand "~
(babel)             in language append on input line 270.
[15]
Package atveryend Info: Empty hook `AfterLastShipout' on input line 270.
 (./report.aux (./titlepage.aux) (./ToC.aux))
Package atveryend Info: Executing hook `AtVeryEndDocument' on input line 270.
Package atveryend Info: Executing hook `AtEndAfterFileList' on input line 270.
Package rerunfilecheck Info: File `report.out' has not changed.
(rerunfilecheck)             Checksum: 0A4A43FB13D16AE49E592391609FFD0D;5089.
Package atveryend Info: Empty hook `AtVeryVeryEnd' on input line 270.
 ) 
Here is how much of TeX's memory you used:
 14927 strings out of 493013
 212610 string characters out of 6136993
 454849 words of memory out of 5000000
 18006 multiletter control sequences out of 15000+600000
 16349 words of font info for 39 fonts, out of 8000000 for 9000
 1141 hyphenation exceptions out of 8191
 40i,14n,51p,751b,1206s stack positions out of 5000i,500n,10000p,200000b,80000s
{c:/texlive/2016/texmf-dist/fonts/enc/dvips/cm-super/cm-super-t2a.enc}<c:/tex
live/2016/texmf-dist/fonts/type1/public/amsfonts/cm/cmex10.pfb><c:/texlive/2016
/texmf-dist/fonts/type1/public/amsfonts/cm/cmmi12.pfb><c:/texlive/2016/texmf-di
st/fonts/type1/public/amsfonts/cm/cmmi8.pfb><c:/texlive/2016/texmf-dist/fonts/t
ype1/public/amsfonts/cm/cmr12.pfb><c:/texlive/2016/texmf-dist/fonts/type1/publi
c/amsfonts/cm/cmr8.pfb><c:/texlive/2016/texmf-dist/fonts/type1/public/amsfonts/
cm/cmsy10.pfb><c:/texlive/2016/texmf-dist/fonts/type1/public/amsfonts/cm/cmsy8.
pfb><c:/texlive/2016/texmf-dist/fonts/type1/public/cm-super/sfbx1200.pfb><c:/te
xlive/2016/texmf-dist/fonts/type1/public/cm-super/sfbx1440.pfb><c:/texlive/2016
/texmf-dist/fonts/type1/public/cm-super/sfbx1728.pfb><c:/texlive/2016/texmf-dis
t/fonts/type1/public/cm-super/sfrm1000.pfb><c:/texlive/2016/texmf-dist/fonts/ty
pe1/public/cm-super/sfrm1200.pfb><c:/texlive/2016/texmf-dist/fonts/type1/public
/cm-super/sfrm1440.pfb><c:/texlive/2016/texmf-dist/fonts/type1/public/cm-super/
sfrm2488.pfb>
Output written on report.pdf (16 pages, 325929 bytes).
PDF statistics:
 641 PDF objects out of 1000 (max. 8388607)
 559 compressed objects within 6 object streams
 256 named destinations out of 1000 (max. 500000)
 259 words of extra memory for PDF output out of 10000 (max. 10000000)

